Arguments: 
  D:\Program Files\nodejs\node.exe C:\Users\MeiLeLe19\AppData\Roaming\npm\node_modules\yarn\bin\yarn.js add webpack-contrib/html-webpack-plugin -D

PATH: 
  C:\ProgramData\Oracle\Java\javapath;C:\Program Files (x86)\Common Files\NetSarang;C:\windows\system32;C:\windows;C:\windows\System32\Wbem;C:\windows\System32\WindowsPowerShell\v1.0\;D:\Program Files\TortoiseSVN\bin;D:\Program Files\apache-maven-3.1.0;C:\WINDOWS\system32;C:\WINDOWS;C:\WINDOWS\System32\Wbem;C:\WINDOWS\System32\WindowsPowerShell\v1.0\;D:\Program Files\nodejs\;D:\Program Files\apache-maven-3.1.0;C:\Users\MeiLeLe19\AppData\Local\atom\bin;C:\Users\MeiLeLe19\AppData\Local\Microsoft\WindowsApps;D:\phantomjs\bin;;D:\Program Files\Microsoft VS Code\bin;C:\Users\MeiLeLe19\AppData\Roaming\npm

Yarn version: 
  1.5.1

Node version: 
  8.11.1

Platform: 
  win32 x64

npm manifest: 
  {
    "name": "webpack0-100",
    "version": "1.0.0",
    "description": "",
    "main": "index.js",
    "scripts": {
      "dev-pro1": "cross-env PACKAGE_ENV=pro1 MODEL_ENV=dev webpack-dev-server --config ./build/webpack.config.js"
    },
    "author": "",
    "license": "ISC",
    "devDependencies": {
      "chalk": "^2.3.2",
      "css-loader": "^0.28.11",
      "extract-text-webpack-plugin": "^3.0.2",
      "file-loader": "^1.1.11",
      "glob": "^7.1.2",
      "html-loader": "^0.5.5",
      "html-webpack-plugin": "^3.2.0",
      "node-sass": "^4.8.3",
      "ora": "^2.0.0",
      "rimraf": "^2.6.2",
      "sass-loader": "^6.0.7",
      "style-loader": "^0.20.3",
      "url-loader": "^1.0.1",
      "vue": "^2.5.16",
      "vue-loader": "^14.2.2",
      "vue-template-compiler": "^2.5.16",
      "vuex": "^3.0.1",
      "webpack": "^4.2.0",
      "webpack-cli": "^2.0.13",
      "webpack-dev-server": "^3.1.2",
      "webpack-merge": "^4.1.2",
      "yargs": "^11.0.0"
    }
  }

yarn manifest: 
  No manifest

Lockfile: 
  No lockfile

Trace: 
  Error: Couldn't find the binary git
      at ProcessSpawnError.MessageError (C:\Users\MeiLeLe19\AppData\Roaming\npm\node_modules\yarn\lib\cli.js:186:110)
      at new ProcessSpawnError (C:\Users\MeiLeLe19\AppData\Roaming\npm\node_modules\yarn\lib\cli.js:201:118)
      at ChildProcess.<anonymous> (C:\Users\MeiLeLe19\AppData\Roaming\npm\node_modules\yarn\lib\cli.js:30237:18)
      at emitOne (events.js:116:13)
      at ChildProcess.emit (events.js:211:7)
      at Process.ChildProcess._handle.onexit (internal/child_process.js:196:12)
      at onErrorNT (internal/child_process.js:372:16)
      at _combinedTickCallback (internal/process/next_tick.js:138:11)
      at process._tickCallback (internal/process/next_tick.js:180:9)
